<?xml version="1.0" encoding="UTF-8"?>
<!-- Generated by org.testng.reporters.JUnitReportReporter -->
<testsuite name="testcases.TC_001" tests="1" time="11.134" ignored="0" failures="0" timestamp="10 Jan 2019 14:56:33 GMT" skipped="0" hostname="Nishant-Jain" errors="0">
  <testcase name="testcase1" time="11.134" classname="testcases.TC_001"/>
</testsuite> <!-- testcases.TC_001 -->
